Arguments: 
  C:\Program Files\nodejs\node.exe C:\Users\lucia\AppData\Roaming\npm\node_modules\yarn\bin\yarn.js init

PATH: 
  C:\Users\lucia\AppData\Local\Programs\Python\Python39\Scripts\;C:\Users\lucia\AppData\Local\Programs\Python\Python39\;C:\Windows\system32;C:\Windows;C:\Windows\System32\Wbem;C:\Windows\System32\WindowsPowerShell\v1.0\;C:\Windows\System32\OpenSSH\;C:\Program Files\Microsoft SQL Server\120\Tools\Binn\;C:\Program Files\Common Files\Autodesk Shared\;C:\Program Files\Git\cmd;C:\Users\lucia\anaconda3\condabin\;C:\Users\lucia\anaconda3\Library\bin\;C:\Users\lucia\anaconda3\Scripts\;C:\Program Files\Go\bin;C:\Program Files (x86)\Calibre2\;C:\Users\lucia\anaconda3\envs\my-env\Library\bin\graphviz;C:\MinGW\bin;C:\Program Files\nodejs\;C:\ProgramData\chocolatey\bin;C:\dev\php;C:\Program Files\PostgreSQL\13\bin;C:\Program Files\MySQL\MySQL Shell 8.0\bin\;C:\Users\lucia\anaconda3;C:\Users\lucia\anaconda3\Library\mingw-w64\bin;C:\Users\lucia\anaconda3\Library\usr\bin;C:\Users\lucia\AppData\Local\Microsoft\WindowsApps;C:\Users\lucia\AppData\Local\Programs\Microsoft VS Code\bin;C:\Users\lucia\go\bin;C:\Users\lucia\AppData\Roaming\npm;C:\Users\lucia\AppData\Local\Programs\Hyper\resources\bin;C:\Users\lucia\AppData\Local\GitHubDesktop\bin;C:\tools\dart-sdk\bin;C:\Users\lucia\AppData\Roaming\Pub\Cache\bin

Yarn version: 
  1.22.17

Node version: 
  14.17.5

Platform: 
  win32 x64

Trace: 
  Error: canceled
      at Interface.<anonymous> (C:\Users\lucia\AppData\Roaming\npm\node_modules\yarn\lib\cli.js:137143:13)
      at Interface.emit (events.js:400:28)
      at Interface._ttyWrite (readline.js:910:16)
      at ReadStream.onkeypress (readline.js:235:10)
      at ReadStream.emit (events.js:400:28)
      at emitKeys (internal/readline/utils.js:358:14)
      at emitKeys.next (<anonymous>)
      at ReadStream.onData (readline.js:1179:36)
      at ReadStream.emit (events.js:400:28)
      at addChunk (internal/streams/readable.js:290:12)

npm manifest: 
  No manifest

yarn manifest: 
  No manifest

Lockfile: 
  No lockfile
